<beans xmlns="http://www.springframework.org/schema/beans"
       xmlns:context="http://www.springframework.org/schema/context"
       xmlns:xsi="http://www.w3.org/2001/XMLSchema-instance"
       xsi:schemaLocation="
        http://www.springframework.org/schema/beans
        http://www.springframework.org/schema/beans/spring-beans-3.2.xsd
    http://www.springframework.org/schema/context
    http://www.springframework.org/schema/context/spring-context-3.2.xsd">
    <context:annotation-config/>
    <context:component-scan base-package="Qa" />
    <context:property-placeholder location="App.properties"/>

    <bean id="rt" class="Qa.CucumberRunner.TestRunner"></bean>
    <!--    <bean id='testbean' class="qa.Test">-->
</beans>