<?xml version="1.0" encoding="UTF-8"?>
<!-- Generated by org.testng.reporters.JUnitReportReporter -->
<testsuite hostname="Mds-MacBook-Pro.local" failures="0" tests="2" name="Qa.CucumberRunner.RunCukesTest" time="29.234" errors="0" timestamp="2021-02-28T17:01:51 EST" skipped="0">
  <testcase classname="Qa.CucumberRunner.RunCukesTest" name="runScenario" time="7.294"/>
  <system-out/>
  <testcase classname="Qa.CucumberRunner.RunCukesTest" name="runScenario" time="21.940"/>
  <system-out/>
</testsuite> <!-- Qa.CucumberRunner.RunCukesTest -->
