<?xml version="1.0" encoding="UTF-8"?>
<!-- Generated by org.testng.reporters.JUnitReportReporter -->
<testsuite hostname="Mds-MacBook-Pro.local" failures="0" tests="1" name="CucumberRunner.RunCukesTest" time="0.125" errors="0" timestamp="2021-01-28T14:09:45 EST" skipped="0">
  <testcase classname="CucumberRunner.RunCukesTest" name="runScenario" time="0.125"/>
  <system-out/>
</testsuite> <!-- CucumberRunner.RunCukesTest -->
