<?xml version="1.0" encoding="UTF-8"?>
<!-- Generated by org.testng.reporters.JUnitReportReporter -->
<testsuite hostname="Mds-MacBook-Pro.local" failures="0" tests="1" name="Qa.CucumberRunner.RunCukesTest" time="0.284" errors="0" timestamp="2021-02-27T00:45:00 EST" skipped="0">
  <testcase classname="Qa.CucumberRunner.RunCukesTest" name="runScenario" time="0.284"/>
  <system-out/>
</testsuite> <!-- Qa.CucumberRunner.RunCukesTest -->
