<?xml version="1.0" encoding="UTF-8"?>
<!-- Generated by org.testng.reporters.JUnitReportReporter -->
<testsuite hostname="Mds-MacBook-Pro.local" failures="0" tests="1" name="CucumberRunner.RunCukesTest" time="0.100" errors="0" timestamp="2021-02-03T13:41:56 EST" skipped="0">
  <testcase classname="CucumberRunner.RunCukesTest" name="runScenario" time="0.100"/>
  <system-out/>
</testsuite> <!-- CucumberRunner.RunCukesTest -->
