<?xml version="1.0" encoding="UTF-8"?>
<!-- Generated by org.testng.reporters.JUnitReportReporter -->
<testsuite hostname="Mds-MacBook-Pro.local" failures="0" tests="2" name="Qa.CucumberRunner.TestRunner" time="32.412" errors="0" timestamp="2021-02-28T17:16:39 EST" skipped="0">
  <testcase classname="Qa.CucumberRunner.TestRunner" name="runScenario" time="22.035"/>
  <system-out/>
  <testcase classname="Qa.CucumberRunner.TestRunner" name="runScenario" time="10.377"/>
  <system-out/>
</testsuite> <!-- Qa.CucumberRunner.TestRunner -->
