<?xml version="1.0" encoding="UTF-8"?>
<!-- Generated by org.testng.reporters.JUnitReportReporter -->
<testsuite hostname="Mds-MacBook-Pro.local" failures="0" tests="1" name="CucumberRunner.RunCukesTest" time="0.126" errors="0" timestamp="2021-01-27T15:10:23 EST" skipped="0">
  <testcase classname="CucumberRunner.RunCukesTest" name="runScenario" time="0.126"/>
  <system-out/>
</testsuite> <!-- CucumberRunner.RunCukesTest -->
