<?xml version="1.0" encoding="UTF-8"?>
<!-- Generated by org.testng.reporters.JUnitReportReporter -->
<testsuite hostname="Mds-MacBook-Pro.local" failures="0" tests="2" name="Qa.CucumberRunner.TestRunner" time="14.257" errors="0" timestamp="2021-02-28T17:25:14 EST" skipped="0">
  <testcase classname="Qa.CucumberRunner.TestRunner" name="runScenario" time="4.218"/>
  <system-out/>
  <testcase classname="Qa.CucumberRunner.TestRunner" name="runScenario" time="10.039"/>
  <system-out/>
</testsuite> <!-- Qa.CucumberRunner.TestRunner -->
