<?xml version="1.0" encoding="UTF-8"?>
<testsuite xmlns:xsi="http://www.w3.org/2001/XMLSchema-instance" xsi:noNamespaceSchemaLocation="https://maven.apache.org/surefire/maven-surefire-plugin/xsd/surefire-test-report-3.0.xsd" version="3.0" name="TestSuite" time="7.54" tests="2" errors="0" skipped="0" failures="2">
  <properties>
    <property name="awt.toolkit" value="sun.lwawt.macosx.LWCToolkit"/>
    <property name="java.specification.version" value="12"/>
    <property name="webdriver.chrome.driver" value="/Users/abraartishan/Desktop/TOPA_QA/CODE BASE/CUCUMBER_FRAME/INTELLIJ/src/main/resources/Drivers/chromedriver"/>
    <property name="sun.jnu.encoding" value="UTF-8"/>
    <property name="java.class.path" value="/Users/abraartishan/Desktop/TOPA_QA/CODE BASE/CUCUMBER_FRAME/INTELLIJ/target/test-classes:/Users/abraartishan/Desktop/TOPA_QA/CODE BASE/CUCUMBER_FRAME/INTELLIJ/target/classes:/Users/abraartishan/.m2/repository/io/cucumber/cucumber-java/6.9.1/cucumber-java-6.9.1.jar:/Users/abraartishan/.m2/repository/io/cucumber/cucumber-core/6.9.1/cucumber-core-6.9.1.jar:/Users/abraartishan/.m2/repository/io/cucumber/cucumber-gherkin/6.9.1/cucumber-gherkin-6.9.1.jar:/Users/abraartishan/.m2/repository/io/cucumber/cucumber-gherkin-messages/6.9.1/cucumber-gherkin-messages-6.9.1.jar:/Users/abraartishan/.m2/repository/io/cucumber/messages/13.2.1/messages-13.2.1.jar:/Users/abraartishan/.m2/repository/io/cucumber/tag-expressions/3.0.0/tag-expressions-3.0.0.jar:/Users/abraartishan/.m2/repository/io/cucumber/cucumber-expressions/10.3.0/cucumber-expressions-10.3.0.jar:/Users/abraartishan/.m2/repository/io/cucumber/datatable/3.5.0/datatable-3.5.0.jar:/Users/abraartishan/.m2/repository/io/cucumber/cucumber-plugin/6.9.1/cucumber-plugin-6.9.1.jar:/Users/abraartishan/.m2/repository/io/cucumber/docstring/6.9.1/docstring-6.9.1.jar:/Users/abraartishan/.m2/repository/io/cucumber/html-formatter/9.0.0/html-formatter-9.0.0.jar:/Users/abraartishan/.m2/repository/io/cucumber/create-meta/2.0.4/create-meta-2.0.4.jar:/Users/abraartishan/.m2/repository/org/apiguardian/apiguardian-api/1.1.0/apiguardian-api-1.1.0.jar:/Users/abraartishan/.m2/repository/io/cucumber/cucumber-junit/6.9.1/cucumber-junit-6.9.1.jar:/Users/abraartishan/.m2/repository/junit/junit/4.13.1/junit-4.13.1.jar:/Users/abraartishan/.m2/repository/org/hamcrest/hamcrest-core/1.3/hamcrest-core-1.3.jar:/Users/abraartishan/.m2/repository/io/cucumber/cucumber-testng/6.9.1/cucumber-testng-6.9.1.jar:/Users/abraartishan/.m2/repository/org/testng/testng/7.3.0/testng-7.3.0.jar:/Users/abraartishan/.m2/repository/com/beust/jcommander/1.78/jcommander-1.78.jar:/Users/abraartishan/.m2/repository/org/apache/ant/ant/1.10.3/ant-1.10.3.jar:/Users/abraartishan/.m2/repository/org/apache/ant/ant-launcher/1.10.3/ant-launcher-1.10.3.jar:/Users/abraartishan/.m2/repository/com/google/inject/guice/4.2.2/guice-4.2.2-no_aop.jar:/Users/abraartishan/.m2/repository/javax/inject/javax.inject/1/javax.inject-1.jar:/Users/abraartishan/.m2/repository/aopalliance/aopalliance/1.0/aopalliance-1.0.jar:/Users/abraartishan/.m2/repository/org/yaml/snakeyaml/1.21/snakeyaml-1.21.jar:/Users/abraartishan/.m2/repository/org/seleniumhq/selenium/selenium-java/3.141.5/selenium-java-3.141.5.jar:/Users/abraartishan/.m2/repository/org/seleniumhq/selenium/selenium-api/3.141.5/selenium-api-3.141.5.jar:/Users/abraartishan/.m2/repository/org/seleniumhq/selenium/selenium-chrome-driver/3.141.5/selenium-chrome-driver-3.141.5.jar:/Users/abraartishan/.m2/repository/org/seleniumhq/selenium/selenium-edge-driver/3.141.5/selenium-edge-driver-3.141.5.jar:/Users/abraartishan/.m2/repository/org/seleniumhq/selenium/selenium-firefox-driver/3.141.5/selenium-firefox-driver-3.141.5.jar:/Users/abraartishan/.m2/repository/org/seleniumhq/selenium/selenium-ie-driver/3.141.5/selenium-ie-driver-3.141.5.jar:/Users/abraartishan/.m2/repository/org/seleniumhq/selenium/selenium-opera-driver/3.141.5/selenium-opera-driver-3.141.5.jar:/Users/abraartishan/.m2/repository/org/seleniumhq/selenium/selenium-remote-driver/3.141.5/selenium-remote-driver-3.141.5.jar:/Users/abraartishan/.m2/repository/org/seleniumhq/selenium/selenium-safari-driver/3.141.5/selenium-safari-driver-3.141.5.jar:/Users/abraartishan/.m2/repository/org/seleniumhq/selenium/selenium-support/3.141.5/selenium-support-3.141.5.jar:/Users/abraartishan/.m2/repository/net/bytebuddy/byte-buddy/1.8.15/byte-buddy-1.8.15.jar:/Users/abraartishan/.m2/repository/org/apache/commons/commons-exec/1.3/commons-exec-1.3.jar:/Users/abraartishan/.m2/repository/com/google/guava/guava/25.0-jre/guava-25.0-jre.jar:/Users/abraartishan/.m2/repository/com/google/code/findbugs/jsr305/1.3.9/jsr305-1.3.9.jar:/Users/abraartishan/.m2/repository/org/checkerframework/checker-compat-qual/2.0.0/checker-compat-qual-2.0.0.jar:/Users/abraartishan/.m2/repository/com/google/errorprone/error_prone_annotations/2.1.3/error_prone_annotations-2.1.3.jar:/Users/abraartishan/.m2/repository/com/google/j2objc/j2objc-annotations/1.1/j2objc-annotations-1.1.jar:/Users/abraartishan/.m2/repository/org/codehaus/mojo/animal-sniffer-annotations/1.14/animal-sniffer-annotations-1.14.jar:/Users/abraartishan/.m2/repository/com/squareup/okhttp3/okhttp/3.11.0/okhttp-3.11.0.jar:/Users/abraartishan/.m2/repository/com/squareup/okio/okio/1.14.0/okio-1.14.0.jar:/Users/abraartishan/.m2/repository/org/springframework/spring-core/5.2.7.RELEASE/spring-core-5.2.7.RELEASE.jar:/Users/abraartishan/.m2/repository/org/springframework/spring-jcl/5.2.7.RELEASE/spring-jcl-5.2.7.RELEASE.jar:/Users/abraartishan/.m2/repository/org/springframework/spring-test/5.2.7.RELEASE/spring-test-5.2.7.RELEASE.jar:/Users/abraartishan/.m2/repository/org/springframework/spring-context/5.2.7.RELEASE/spring-context-5.2.7.RELEASE.jar:/Users/abraartishan/.m2/repository/org/springframework/spring-aop/5.2.7.RELEASE/spring-aop-5.2.7.RELEASE.jar:/Users/abraartishan/.m2/repository/org/springframework/spring-beans/5.2.7.RELEASE/spring-beans-5.2.7.RELEASE.jar:/Users/abraartishan/.m2/repository/org/springframework/spring-expression/5.2.7.RELEASE/spring-expression-5.2.7.RELEASE.jar:/Users/abraartishan/.m2/repository/log4j/log4j/1.2.12/log4j-1.2.12.jar:/Users/abraartishan/.m2/repository/com/relevantcodes/extentreports/2.41.2/extentreports-2.41.2.jar:/Users/abraartishan/.m2/repository/org/jsoup/jsoup/1.8.3/jsoup-1.8.3.jar:/Users/abraartishan/.m2/repository/org/xerial/sqlite-jdbc/3.8.11.1/sqlite-jdbc-3.8.11.1.jar:/Users/abraartishan/.m2/repository/org/freemarker/freemarker/2.3.23/freemarker-2.3.23.jar:/Users/abraartishan/.m2/repository/org/mongodb/mongodb-driver/3.0.4/mongodb-driver-3.0.4.jar:/Users/abraartishan/.m2/repository/org/mongodb/bson/3.0.4/bson-3.0.4.jar:/Users/abraartishan/.m2/repository/org/mongodb/mongodb-driver-core/3.0.4/mongodb-driver-core-3.0.4.jar:"/>
    <property name="java.vm.vendor" value="Oracle Corporation"/>
    <property name="sun.arch.data.model" value="64"/>
    <property name="java.vendor.url" value="https://java.oracle.com/"/>
    <property name="user.timezone" value="America/New_York"/>
    <property name="os.name" value="Mac OS X"/>
    <property name="java.vm.specification.version" value="12"/>
    <property name="sun.java.launcher" value="SUN_STANDARD"/>
    <property name="user.country" value="US"/>
    <property name="sun.boot.library.path" value="/Library/Java/JavaVirtualMachines/jdk-12.0.1.jdk/Contents/Home/lib"/>
    <property name="sun.java.command" value="/Users/abraartishan/Desktop/TOPA_QA/CODE BASE/CUCUMBER_FRAME/INTELLIJ/target/surefire/surefirebooter13603656315394175367.jar /Users/abraartishan/Desktop/TOPA_QA/CODE BASE/CUCUMBER_FRAME/INTELLIJ/target/surefire 2021-10-06T17-07-01_165-jvmRun1 surefire7060675562091784685tmp surefire_03393675727799471449tmp"/>
    <property name="http.nonProxyHosts" value="local|*.local|169.254/16|*.169.254/16"/>
    <property name="jdk.debug" value="release"/>
    <property name="surefire.test.class.path" value="/Users/abraartishan/Desktop/TOPA_QA/CODE BASE/CUCUMBER_FRAME/INTELLIJ/target/test-classes:/Users/abraartishan/Desktop/TOPA_QA/CODE BASE/CUCUMBER_FRAME/INTELLIJ/target/classes:/Users/abraartishan/.m2/repository/io/cucumber/cucumber-java/6.9.1/cucumber-java-6.9.1.jar:/Users/abraartishan/.m2/repository/io/cucumber/cucumber-core/6.9.1/cucumber-core-6.9.1.jar:/Users/abraartishan/.m2/repository/io/cucumber/cucumber-gherkin/6.9.1/cucumber-gherkin-6.9.1.jar:/Users/abraartishan/.m2/repository/io/cucumber/cucumber-gherkin-messages/6.9.1/cucumber-gherkin-messages-6.9.1.jar:/Users/abraartishan/.m2/repository/io/cucumber/messages/13.2.1/messages-13.2.1.jar:/Users/abraartishan/.m2/repository/io/cucumber/tag-expressions/3.0.0/tag-expressions-3.0.0.jar:/Users/abraartishan/.m2/repository/io/cucumber/cucumber-expressions/10.3.0/cucumber-expressions-10.3.0.jar:/Users/abraartishan/.m2/repository/io/cucumber/datatable/3.5.0/datatable-3.5.0.jar:/Users/abraartishan/.m2/repository/io/cucumber/cucumber-plugin/6.9.1/cucumber-plugin-6.9.1.jar:/Users/abraartishan/.m2/repository/io/cucumber/docstring/6.9.1/docstring-6.9.1.jar:/Users/abraartishan/.m2/repository/io/cucumber/html-formatter/9.0.0/html-formatter-9.0.0.jar:/Users/abraartishan/.m2/repository/io/cucumber/create-meta/2.0.4/create-meta-2.0.4.jar:/Users/abraartishan/.m2/repository/org/apiguardian/apiguardian-api/1.1.0/apiguardian-api-1.1.0.jar:/Users/abraartishan/.m2/repository/io/cucumber/cucumber-junit/6.9.1/cucumber-junit-6.9.1.jar:/Users/abraartishan/.m2/repository/junit/junit/4.13.1/junit-4.13.1.jar:/Users/abraartishan/.m2/repository/org/hamcrest/hamcrest-core/1.3/hamcrest-core-1.3.jar:/Users/abraartishan/.m2/repository/io/cucumber/cucumber-testng/6.9.1/cucumber-testng-6.9.1.jar:/Users/abraartishan/.m2/repository/org/testng/testng/7.3.0/testng-7.3.0.jar:/Users/abraartishan/.m2/repository/com/beust/jcommander/1.78/jcommander-1.78.jar:/Users/abraartishan/.m2/repository/org/apache/ant/ant/1.10.3/ant-1.10.3.jar:/Users/abraartishan/.m2/repository/org/apache/ant/ant-launcher/1.10.3/ant-launcher-1.10.3.jar:/Users/abraartishan/.m2/repository/com/google/inject/guice/4.2.2/guice-4.2.2-no_aop.jar:/Users/abraartishan/.m2/repository/javax/inject/javax.inject/1/javax.inject-1.jar:/Users/abraartishan/.m2/repository/aopalliance/aopalliance/1.0/aopalliance-1.0.jar:/Users/abraartishan/.m2/repository/org/yaml/snakeyaml/1.21/snakeyaml-1.21.jar:/Users/abraartishan/.m2/repository/org/seleniumhq/selenium/selenium-java/3.141.5/selenium-java-3.141.5.jar:/Users/abraartishan/.m2/repository/org/seleniumhq/selenium/selenium-api/3.141.5/selenium-api-3.141.5.jar:/Users/abraartishan/.m2/repository/org/seleniumhq/selenium/selenium-chrome-driver/3.141.5/selenium-chrome-driver-3.141.5.jar:/Users/abraartishan/.m2/repository/org/seleniumhq/selenium/selenium-edge-driver/3.141.5/selenium-edge-driver-3.141.5.jar:/Users/abraartishan/.m2/repository/org/seleniumhq/selenium/selenium-firefox-driver/3.141.5/selenium-firefox-driver-3.141.5.jar:/Users/abraartishan/.m2/repository/org/seleniumhq/selenium/selenium-ie-driver/3.141.5/selenium-ie-driver-3.141.5.jar:/Users/abraartishan/.m2/repository/org/seleniumhq/selenium/selenium-opera-driver/3.141.5/selenium-opera-driver-3.141.5.jar:/Users/abraartishan/.m2/repository/org/seleniumhq/selenium/selenium-remote-driver/3.141.5/selenium-remote-driver-3.141.5.jar:/Users/abraartishan/.m2/repository/org/seleniumhq/selenium/selenium-safari-driver/3.141.5/selenium-safari-driver-3.141.5.jar:/Users/abraartishan/.m2/repository/org/seleniumhq/selenium/selenium-support/3.141.5/selenium-support-3.141.5.jar:/Users/abraartishan/.m2/repository/net/bytebuddy/byte-buddy/1.8.15/byte-buddy-1.8.15.jar:/Users/abraartishan/.m2/repository/org/apache/commons/commons-exec/1.3/commons-exec-1.3.jar:/Users/abraartishan/.m2/repository/com/google/guava/guava/25.0-jre/guava-25.0-jre.jar:/Users/abraartishan/.m2/repository/com/google/code/findbugs/jsr305/1.3.9/jsr305-1.3.9.jar:/Users/abraartishan/.m2/repository/org/checkerframework/checker-compat-qual/2.0.0/checker-compat-qual-2.0.0.jar:/Users/abraartishan/.m2/repository/com/google/errorprone/error_prone_annotations/2.1.3/error_prone_annotations-2.1.3.jar:/Users/abraartishan/.m2/repository/com/google/j2objc/j2objc-annotations/1.1/j2objc-annotations-1.1.jar:/Users/abraartishan/.m2/repository/org/codehaus/mojo/animal-sniffer-annotations/1.14/animal-sniffer-annotations-1.14.jar:/Users/abraartishan/.m2/repository/com/squareup/okhttp3/okhttp/3.11.0/okhttp-3.11.0.jar:/Users/abraartishan/.m2/repository/com/squareup/okio/okio/1.14.0/okio-1.14.0.jar:/Users/abraartishan/.m2/repository/org/springframework/spring-core/5.2.7.RELEASE/spring-core-5.2.7.RELEASE.jar:/Users/abraartishan/.m2/repository/org/springframework/spring-jcl/5.2.7.RELEASE/spring-jcl-5.2.7.RELEASE.jar:/Users/abraartishan/.m2/repository/org/springframework/spring-test/5.2.7.RELEASE/spring-test-5.2.7.RELEASE.jar:/Users/abraartishan/.m2/repository/org/springframework/spring-context/5.2.7.RELEASE/spring-context-5.2.7.RELEASE.jar:/Users/abraartishan/.m2/repository/org/springframework/spring-aop/5.2.7.RELEASE/spring-aop-5.2.7.RELEASE.jar:/Users/abraartishan/.m2/repository/org/springframework/spring-beans/5.2.7.RELEASE/spring-beans-5.2.7.RELEASE.jar:/Users/abraartishan/.m2/repository/org/springframework/spring-expression/5.2.7.RELEASE/spring-expression-5.2.7.RELEASE.jar:/Users/abraartishan/.m2/repository/log4j/log4j/1.2.12/log4j-1.2.12.jar:/Users/abraartishan/.m2/repository/com/relevantcodes/extentreports/2.41.2/extentreports-2.41.2.jar:/Users/abraartishan/.m2/repository/org/jsoup/jsoup/1.8.3/jsoup-1.8.3.jar:/Users/abraartishan/.m2/repository/org/xerial/sqlite-jdbc/3.8.11.1/sqlite-jdbc-3.8.11.1.jar:/Users/abraartishan/.m2/repository/org/freemarker/freemarker/2.3.23/freemarker-2.3.23.jar:/Users/abraartishan/.m2/repository/org/mongodb/mongodb-driver/3.0.4/mongodb-driver-3.0.4.jar:/Users/abraartishan/.m2/repository/org/mongodb/bson/3.0.4/bson-3.0.4.jar:/Users/abraartishan/.m2/repository/org/mongodb/mongodb-driver-core/3.0.4/mongodb-driver-core-3.0.4.jar:"/>
    <property name="sun.cpu.endian" value="little"/>
    <property name="user.home" value="/Users/abraartishan"/>
    <property name="user.language" value="en"/>
    <property name="java.specification.vendor" value="Oracle Corporation"/>
    <property name="java.version.date" value="2019-04-16"/>
    <property name="java.home" value="/Library/Java/JavaVirtualMachines/jdk-12.0.1.jdk/Contents/Home"/>
    <property name="testng.dtd.http" value="true"/>
    <property name="file.separator" value="/"/>
    <property name="basedir" value="/Users/abraartishan/Desktop/TOPA_QA/CODE BASE/CUCUMBER_FRAME/INTELLIJ"/>
    <property name="java.vm.compressedOopsMode" value="Zero based"/>
    <property name="line.separator" value="&#10;"/>
    <property name="java.vm.specification.vendor" value="Oracle Corporation"/>
    <property name="java.specification.name" value="Java Platform API Specification"/>
    <property name="java.awt.graphicsenv" value="sun.awt.CGraphicsEnvironment"/>
    <property name="surefire.real.class.path" value="/Users/abraartishan/Desktop/TOPA_QA/CODE BASE/CUCUMBER_FRAME/INTELLIJ/target/surefire/surefirebooter13603656315394175367.jar"/>
    <property name="sun.management.compiler" value="HotSpot 64-Bit Tiered Compilers"/>
    <property name="ftp.nonProxyHosts" value="local|*.local|169.254/16|*.169.254/16"/>
    <property name="java.runtime.version" value="12.0.1+12"/>
    <property name="user.name" value="abraartishan"/>
    <property name="path.separator" value=":"/>
    <property name="test.platform" value="mac"/>
    <property name="os.version" value="10.16"/>
    <property name="java.runtime.name" value="Java(TM) SE Runtime Environment"/>
    <property name="file.encoding" value="UTF-8"/>
    <property name="java.vm.name" value="Java HotSpot(TM) 64-Bit Server VM"/>
    <property name="localRepository" value="/Users/abraartishan/.m2/repository"/>
    <property name="java.vendor.url.bug" value="https://bugreport.java.com/bugreport/"/>
    <property name="java.io.tmpdir" value="/var/folders/31/4kb7bqvd0q5fhzvkm6t6f0lh0000gn/T/"/>
    <property name="test.browser" value="chrome"/>
    <property name="java.version" value="12.0.1"/>
    <property name="user.dir" value="/Users/abraartishan/Desktop/TOPA_QA/CODE BASE/CUCUMBER_FRAME/INTELLIJ"/>
    <property name="os.arch" value="x86_64"/>
    <property name="java.vm.specification.name" value="Java Virtual Machine Specification"/>
    <property name="java.library.path" value="/Users/abraartishan/Library/Java/Extensions:/Library/Java/Extensions:/Network/Library/Java/Extensions:/System/Library/Java/Extensions:/usr/lib/java:."/>
    <property name="java.vm.info" value="mixed mode, sharing"/>
    <property name="java.vendor" value="Oracle Corporation"/>
    <property name="java.vm.version" value="12.0.1+12"/>
    <property name="sun.io.unicode.encoding" value="UnicodeBig"/>
    <property name="socksNonProxyHosts" value="local|*.local|169.254/16|*.169.254/16"/>
    <property name="java.class.version" value="56.0"/>
  </properties>
  <testcase name="runScenario" classname="Qa.CucumberRunner.TestRunner" time="2.527">
    <failure message="session not created: This version of ChromeDriver only supports Chrome version 88&#10;Current browser version is 94.0.4606.71 with binary path /Applications/Google Chrome.app/Contents/MacOS/Google Chrome&#10;Build info: version: &apos;3.141.5&apos;, revision: &apos;d54ebd709a&apos;, time: &apos;2018-11-06T11:42:16&apos;&#10;System info: host: &apos;Mds-MacBook-Pro.local&apos;, ip: &apos;2601:140:8b00:4090:3af9:d3ff:feb4:59c4%en0&apos;, os.name: &apos;Mac OS X&apos;, os.arch: &apos;x86_64&apos;, os.version: &apos;10.16&apos;, java.version: &apos;12.0.1&apos;&#10;Driver info: driver.version: ChromeDriver&#10;remote stacktrace: 0   chromedriver                        0x0000000109591909 chromedriver + 2533641&#10;1   chromedriver                        0x0000000109c1bd53 chromedriver + 9391443&#10;2   chromedriver                        0x000000010934f3c3 chromedriver + 164803&#10;3   chromedriver                        0x0000000109373566 chromedriver + 312678&#10;4   chromedriver                        0x000000010936f774 chromedriver + 296820&#10;5   chromedriver                        0x000000010936c9a5 chromedriver + 285093&#10;6   chromedriver                        0x000000010939f834 chromedriver + 493620&#10;7   chromedriver                        0x000000010939ab43 chromedriver + 473923&#10;8   chromedriver                        0x0000000109375616 chromedriver + 321046&#10;9   chromedriver                        0x0000000109376587 chromedriver + 324999&#10;10  chromedriver                        0x00000001095607f9 chromedriver + 2332665&#10;11  chromedriver                        0x000000010956d963 chromedriver + 2386275&#10;12  chromedriver                        0x000000010956d45b chromedriver + 2384987&#10;13  chromedriver                        0x00000001095475b5 chromedriver + 2229685&#10;14  chromedriver                        0x000000010956e3bf chromedriver + 2388927&#10;15  chromedriver                        0x0000000109555c79 chromedriver + 2288761&#10;16  chromedriver                        0x0000000109584f69 chromedriver + 2482025&#10;17  chromedriver                        0x0000000109597103 chromedriver + 2556163&#10;18  libsystem_pthread.dylib             0x00007fff204dd8fc _pthread_start + 224&#10;19  libsystem_pthread.dylib             0x00007fff204d9443 thread_start + 15&#10;" type="org.openqa.selenium.SessionNotCreatedException"><![CDATA[org.openqa.selenium.SessionNotCreatedException: 
session not created: This version of ChromeDriver only supports Chrome version 88
Current browser version is 94.0.4606.71 with binary path /Applications/Google Chrome.app/Contents/MacOS/Google Chrome
Build info: version: '3.141.5', revision: 'd54ebd709a', time: '2018-11-06T11:42:16'
System info: host: 'Mds-MacBook-Pro.local', ip: '2601:140:8b00:4090:3af9:d3ff:feb4:59c4%en0', os.name: 'Mac OS X', os.arch: 'x86_64', os.version: '10.16', java.version: '12.0.1'
Driver info: driver.version: ChromeDriver
remote stacktrace: 0   chromedriver                        0x0000000109591909 chromedriver + 2533641
1   chromedriver                        0x0000000109c1bd53 chromedriver + 9391443
2   chromedriver                        0x000000010934f3c3 chromedriver + 164803
3   chromedriver                        0x0000000109373566 chromedriver + 312678
4   chromedriver                        0x000000010936f774 chromedriver + 296820
5   chromedriver                        0x000000010936c9a5 chromedriver + 285093
6   chromedriver                        0x000000010939f834 chromedriver + 493620
7   chromedriver                        0x000000010939ab43 chromedriver + 473923
8   chromedriver                        0x0000000109375616 chromedriver + 321046
9   chromedriver                        0x0000000109376587 chromedriver + 324999
10  chromedriver                        0x00000001095607f9 chromedriver + 2332665
11  chromedriver                        0x000000010956d963 chromedriver + 2386275
12  chromedriver                        0x000000010956d45b chromedriver + 2384987
13  chromedriver                        0x00000001095475b5 chromedriver + 2229685
14  chromedriver                        0x000000010956e3bf chromedriver + 2388927
15  chromedriver                        0x0000000109555c79 chromedriver + 2288761
16  chromedriver                        0x0000000109584f69 chromedriver + 2482025
17  chromedriver                        0x0000000109597103 chromedriver + 2556163
18  libsystem_pthread.dylib             0x00007fff204dd8fc _pthread_start + 224
19  libsystem_pthread.dylib             0x00007fff204d9443 thread_start + 15

]]></failure>
    <system-out><![CDATA[[TestNGContentHandler] [WARN] It is strongly recommended to add "<!DOCTYPE suite SYSTEM "https://testng.org/testng-1.0.dtd" >" at the top of your file, otherwise TestNG may fail or not work as expected.

@RegressionTest @WIP
Scenario: User able to create new expense list # src/main/java/Qa/Features/Expense/Expense.feature:5
**********Run before hook***************
https://topabudgetexplorers.com
      org.openqa.selenium.SessionNotCreatedException: session not created: This version of ChromeDriver only supports Chrome version 88
Current browser version is 94.0.4606.71 with binary path /Applications/Google Chrome.app/Contents/MacOS/Google Chrome
Build info: version: '3.141.5', revision: 'd54ebd709a', time: '2018-11-06T11:42:16'
System info: host: 'Mds-MacBook-Pro.local', ip: '2601:140:8b00:4090:3af9:d3ff:feb4:59c4%en0', os.name: 'Mac OS X', os.arch: 'x86_64', os.version: '10.16', java.version: '12.0.1'
Driver info: driver.version: ChromeDriver
remote stacktrace: 0   chromedriver                        0x0000000109591909 chromedriver + 2533641
1   chromedriver                        0x0000000109c1bd53 chromedriver + 9391443
2   chromedriver                        0x000000010934f3c3 chromedriver + 164803
3   chromedriver                        0x0000000109373566 chromedriver + 312678
4   chromedriver                        0x000000010936f774 chromedriver + 296820
5   chromedriver                        0x000000010936c9a5 chromedriver + 285093
6   chromedriver                        0x000000010939f834 chromedriver + 493620
7   chromedriver                        0x000000010939ab43 chromedriver + 473923
8   chromedriver                        0x0000000109375616 chromedriver + 321046
9   chromedriver                        0x0000000109376587 chromedriver + 324999
10  chromedriver                        0x00000001095607f9 chromedriver + 2332665
11  chromedriver                        0x000000010956d963 chromedriver + 2386275
12  chromedriver                        0x000000010956d45b chromedriver + 2384987
13  chromedriver                        0x00000001095475b5 chromedriver + 2229685
14  chromedriver                        0x000000010956e3bf chromedriver + 2388927
15  chromedriver                        0x0000000109555c79 chromedriver + 2288761
16  chromedriver                        0x0000000109584f69 chromedriver + 2482025
17  chromedriver                        0x0000000109597103 chromedriver + 2556163
18  libsystem_pthread.dylib             0x00007fff204dd8fc _pthread_start + 224
19  libsystem_pthread.dylib             0x00007fff204d9443 thread_start + 15

	at java.base/jdk.internal.reflect.NativeConstructorAccessorImpl.newInstance0(Native Method)
	at java.base/jdk.internal.reflect.NativeConstructorAccessorImpl.newInstance(NativeConstructorAccessorImpl.java:62)
	at java.base/jdk.internal.reflect.DelegatingConstructorAccessorImpl.newInstance(DelegatingConstructorAccessorImpl.java:45)
	at java.base/java.lang.reflect.Constructor.newInstanceWithCaller(Constructor.java:500)
	at java.base/java.lang.reflect.Constructor.newInstance(Constructor.java:481)
	at org.openqa.selenium.remote.W3CHandshakeResponse.lambda$errorHandler$0(W3CHandshakeResponse.java:62)
	at org.openqa.selenium.remote.HandshakeResponse.lambda$getResponseFunction$0(HandshakeResponse.java:30)
	at org.openqa.selenium.remote.ProtocolHandshake.lambda$createSession$0(ProtocolHandshake.java:123)
	at java.base/java.util.stream.ReferencePipeline$3$1.accept(ReferencePipeline.java:195)
	at java.base/java.util.Spliterators$ArraySpliterator.tryAdvance(Spliterators.java:958)
	at java.base/java.util.stream.ReferencePipeline.forEachWithCancel(ReferencePipeline.java:127)
	at java.base/java.util.stream.AbstractPipeline.copyIntoWithCancel(AbstractPipeline.java:502)
	at java.base/java.util.stream.AbstractPipeline.copyInto(AbstractPipeline.java:488)
	at java.base/java.util.stream.AbstractPipeline.wrapAndCopyInto(AbstractPipeline.java:474)
	at java.base/java.util.stream.FindOps$FindOp.evaluateSequential(FindOps.java:150)
	at java.base/java.util.stream.AbstractPipeline.evaluate(AbstractPipeline.java:234)
	at java.base/java.util.stream.ReferencePipeline.findFirst(ReferencePipeline.java:543)
	at org.openqa.selenium.remote.ProtocolHandshake.createSession(ProtocolHandshake.java:125)
	at org.openqa.selenium.remote.ProtocolHandshake.createSession(ProtocolHandshake.java:74)
	at org.openqa.selenium.remote.HttpCommandExecutor.execute(HttpCommandExecutor.java:136)
	at org.openqa.selenium.remote.service.DriverCommandExecutor.execute(DriverCommandExecutor.java:83)
	at org.openqa.selenium.remote.RemoteWebDriver.execute(RemoteWebDriver.java:552)
	at org.openqa.selenium.remote.RemoteWebDriver.startSession(RemoteWebDriver.java:213)
	at org.openqa.selenium.remote.RemoteWebDriver.<init>(RemoteWebDriver.java:131)
	at org.openqa.selenium.chrome.ChromeDriver.<init>(ChromeDriver.java:181)
	at org.openqa.selenium.chrome.ChromeDriver.<init>(ChromeDriver.java:168)
	at org.openqa.selenium.chrome.ChromeDriver.<init>(ChromeDriver.java:123)
	at Qa.Utility.DriverFactory.initLocalDriver(DriverFactory.java:112)
	at Qa.Stepdefs.Hook.setUp(Hook.java:28)

  Given User is on BudgetExplorer Home Page    # Qa.Stepdefs.Home.HomePageStep.user_is_on_budget_explorer_home_page()
  And User got to Expense page                 # Qa.Stepdefs.Home.HomePageStep.user_got_to_expense_page()
**************Screenshot method**************
      java.lang.NullPointerException
	at Qa.Utility.ScreenshotFactory.CaptureAndEmbedScreenshot(ScreenshotFactory.java:48)
	at Qa.Stepdefs.Hook.tearDown(Hook.java:46)

]]></system-out>
    <system-err><![CDATA[Oct 06, 2021 5:07:02 PM org.springframework.test.context.support.AbstractTestContextBootstrapper getTestExecutionListeners
INFO: Using TestExecutionListeners: [org.springframework.test.context.support.DirtiesContextBeforeModesTestExecutionListener@2f01783a, org.springframework.test.context.support.DependencyInjectionTestExecutionListener@68878f6d, org.springframework.test.context.support.DirtiesContextTestExecutionListener@41488b16, org.springframework.test.context.event.EventPublishingTestExecutionListener@a8ef162]
Oct 06, 2021 5:07:02 PM org.springframework.test.context.support.AbstractTestContextBootstrapper getTestExecutionListeners
INFO: Using TestExecutionListeners: [org.springframework.test.context.support.DirtiesContextBeforeModesTestExecutionListener@47a37d6f, org.springframework.test.context.support.DependencyInjectionTestExecutionListener@585ef51a, org.springframework.test.context.support.DirtiesContextTestExecutionListener@6c1dbc80, org.springframework.test.context.event.EventPublishingTestExecutionListener@a0f53d5]
Starting ChromeDriver 88.0.4324.96 (68dba2d8a0b149a1d3afac56fa74648032bcf46b-refs/branch-heads/4324@{#1784}) on port 20631
Only local connections are allowed.
Please see https://chromedriver.chromium.org/security-considerations for suggestions on keeping ChromeDriver safe.
ChromeDriver was started successfully.
]]></system-err>
  </testcase>
  <testcase name="runScenario" classname="Qa.CucumberRunner.TestRunner" time="1.501">
    <failure message="session not created: This version of ChromeDriver only supports Chrome version 88&#10;Current browser version is 94.0.4606.71 with binary path /Applications/Google Chrome.app/Contents/MacOS/Google Chrome&#10;Build info: version: &apos;3.141.5&apos;, revision: &apos;d54ebd709a&apos;, time: &apos;2018-11-06T11:42:16&apos;&#10;System info: host: &apos;Mds-MacBook-Pro.local&apos;, ip: &apos;2601:140:8b00:4090:3af9:d3ff:feb4:59c4%en0&apos;, os.name: &apos;Mac OS X&apos;, os.arch: &apos;x86_64&apos;, os.version: &apos;10.16&apos;, java.version: &apos;12.0.1&apos;&#10;Driver info: driver.version: ChromeDriver&#10;remote stacktrace: 0   chromedriver                        0x000000010c8d4909 chromedriver + 2533641&#10;1   chromedriver                        0x000000010cf5ed53 chromedriver + 9391443&#10;2   chromedriver                        0x000000010c6923c3 chromedriver + 164803&#10;3   chromedriver                        0x000000010c6b6566 chromedriver + 312678&#10;4   chromedriver                        0x000000010c6b2774 chromedriver + 296820&#10;5   chromedriver                        0x000000010c6af9a5 chromedriver + 285093&#10;6   chromedriver                        0x000000010c6e2834 chromedriver + 493620&#10;7   chromedriver                        0x000000010c6ddb43 chromedriver + 473923&#10;8   chromedriver                        0x000000010c6b8616 chromedriver + 321046&#10;9   chromedriver                        0x000000010c6b9587 chromedriver + 324999&#10;10  chromedriver                        0x000000010c8a37f9 chromedriver + 2332665&#10;11  chromedriver                        0x000000010c8b0963 chromedriver + 2386275&#10;12  chromedriver                        0x000000010c8b045b chromedriver + 2384987&#10;13  chromedriver                        0x000000010c88a5b5 chromedriver + 2229685&#10;14  chromedriver                        0x000000010c8b13bf chromedriver + 2388927&#10;15  chromedriver                        0x000000010c898c79 chromedriver + 2288761&#10;16  chromedriver                        0x000000010c8c7f69 chromedriver + 2482025&#10;17  chromedriver                        0x000000010c8da103 chromedriver + 2556163&#10;18  libsystem_pthread.dylib             0x00007fff204dd8fc _pthread_start + 224&#10;19  libsystem_pthread.dylib             0x00007fff204d9443 thread_start + 15&#10;" type="org.openqa.selenium.SessionNotCreatedException"><![CDATA[org.openqa.selenium.SessionNotCreatedException: 
session not created: This version of ChromeDriver only supports Chrome version 88
Current browser version is 94.0.4606.71 with binary path /Applications/Google Chrome.app/Contents/MacOS/Google Chrome
Build info: version: '3.141.5', revision: 'd54ebd709a', time: '2018-11-06T11:42:16'
System info: host: 'Mds-MacBook-Pro.local', ip: '2601:140:8b00:4090:3af9:d3ff:feb4:59c4%en0', os.name: 'Mac OS X', os.arch: 'x86_64', os.version: '10.16', java.version: '12.0.1'
Driver info: driver.version: ChromeDriver
remote stacktrace: 0   chromedriver                        0x000000010c8d4909 chromedriver + 2533641
1   chromedriver                        0x000000010cf5ed53 chromedriver + 9391443
2   chromedriver                        0x000000010c6923c3 chromedriver + 164803
3   chromedriver                        0x000000010c6b6566 chromedriver + 312678
4   chromedriver                        0x000000010c6b2774 chromedriver + 296820
5   chromedriver                        0x000000010c6af9a5 chromedriver + 285093
6   chromedriver                        0x000000010c6e2834 chromedriver + 493620
7   chromedriver                        0x000000010c6ddb43 chromedriver + 473923
8   chromedriver                        0x000000010c6b8616 chromedriver + 321046
9   chromedriver                        0x000000010c6b9587 chromedriver + 324999
10  chromedriver                        0x000000010c8a37f9 chromedriver + 2332665
11  chromedriver                        0x000000010c8b0963 chromedriver + 2386275
12  chromedriver                        0x000000010c8b045b chromedriver + 2384987
13  chromedriver                        0x000000010c88a5b5 chromedriver + 2229685
14  chromedriver                        0x000000010c8b13bf chromedriver + 2388927
15  chromedriver                        0x000000010c898c79 chromedriver + 2288761
16  chromedriver                        0x000000010c8c7f69 chromedriver + 2482025
17  chromedriver                        0x000000010c8da103 chromedriver + 2556163
18  libsystem_pthread.dylib             0x00007fff204dd8fc _pthread_start + 224
19  libsystem_pthread.dylib             0x00007fff204d9443 thread_start + 15

]]></failure>
    <system-out><![CDATA[
@RegressionTest @WIP
Scenario: User able to view all the Expense List                      # src/main/java/Qa/Features/Expense/Expense.feature:13
**********Run before hook***************
https://topabudgetexplorers.com
      org.openqa.selenium.SessionNotCreatedException: session not created: This version of ChromeDriver only supports Chrome version 88
Current browser version is 94.0.4606.71 with binary path /Applications/Google Chrome.app/Contents/MacOS/Google Chrome
Build info: version: '3.141.5', revision: 'd54ebd709a', time: '2018-11-06T11:42:16'
System info: host: 'Mds-MacBook-Pro.local', ip: '2601:140:8b00:4090:3af9:d3ff:feb4:59c4%en0', os.name: 'Mac OS X', os.arch: 'x86_64', os.version: '10.16', java.version: '12.0.1'
Driver info: driver.version: ChromeDriver
remote stacktrace: 0   chromedriver                        0x000000010c8d4909 chromedriver + 2533641
1   chromedriver                        0x000000010cf5ed53 chromedriver + 9391443
2   chromedriver                        0x000000010c6923c3 chromedriver + 164803
3   chromedriver                        0x000000010c6b6566 chromedriver + 312678
4   chromedriver                        0x000000010c6b2774 chromedriver + 296820
5   chromedriver                        0x000000010c6af9a5 chromedriver + 285093
6   chromedriver                        0x000000010c6e2834 chromedriver + 493620
7   chromedriver                        0x000000010c6ddb43 chromedriver + 473923
8   chromedriver                        0x000000010c6b8616 chromedriver + 321046
9   chromedriver                        0x000000010c6b9587 chromedriver + 324999
10  chromedriver                        0x000000010c8a37f9 chromedriver + 2332665
11  chromedriver                        0x000000010c8b0963 chromedriver + 2386275
12  chromedriver                        0x000000010c8b045b chromedriver + 2384987
13  chromedriver                        0x000000010c88a5b5 chromedriver + 2229685
14  chromedriver                        0x000000010c8b13bf chromedriver + 2388927
15  chromedriver                        0x000000010c898c79 chromedriver + 2288761
16  chromedriver                        0x000000010c8c7f69 chromedriver + 2482025
17  chromedriver                        0x000000010c8da103 chromedriver + 2556163
18  libsystem_pthread.dylib             0x00007fff204dd8fc _pthread_start + 224
19  libsystem_pthread.dylib             0x00007fff204d9443 thread_start + 15

	at java.base/jdk.internal.reflect.NativeConstructorAccessorImpl.newInstance0(Native Method)
	at java.base/jdk.internal.reflect.NativeConstructorAccessorImpl.newInstance(NativeConstructorAccessorImpl.java:62)
	at java.base/jdk.internal.reflect.DelegatingConstructorAccessorImpl.newInstance(DelegatingConstructorAccessorImpl.java:45)
	at java.base/java.lang.reflect.Constructor.newInstanceWithCaller(Constructor.java:500)
	at java.base/java.lang.reflect.Constructor.newInstance(Constructor.java:481)
	at org.openqa.selenium.remote.W3CHandshakeResponse.lambda$errorHandler$0(W3CHandshakeResponse.java:62)
	at org.openqa.selenium.remote.HandshakeResponse.lambda$getResponseFunction$0(HandshakeResponse.java:30)
	at org.openqa.selenium.remote.ProtocolHandshake.lambda$createSession$0(ProtocolHandshake.java:123)
	at java.base/java.util.stream.ReferencePipeline$3$1.accept(ReferencePipeline.java:195)
	at java.base/java.util.Spliterators$ArraySpliterator.tryAdvance(Spliterators.java:958)
	at java.base/java.util.stream.ReferencePipeline.forEachWithCancel(ReferencePipeline.java:127)
	at java.base/java.util.stream.AbstractPipeline.copyIntoWithCancel(AbstractPipeline.java:502)
	at java.base/java.util.stream.AbstractPipeline.copyInto(AbstractPipeline.java:488)
	at java.base/java.util.stream.AbstractPipeline.wrapAndCopyInto(AbstractPipeline.java:474)
	at java.base/java.util.stream.FindOps$FindOp.evaluateSequential(FindOps.java:150)
	at java.base/java.util.stream.AbstractPipeline.evaluate(AbstractPipeline.java:234)
	at java.base/java.util.stream.ReferencePipeline.findFirst(ReferencePipeline.java:543)
	at org.openqa.selenium.remote.ProtocolHandshake.createSession(ProtocolHandshake.java:125)
	at org.openqa.selenium.remote.ProtocolHandshake.createSession(ProtocolHandshake.java:74)
	at org.openqa.selenium.remote.HttpCommandExecutor.execute(HttpCommandExecutor.java:136)
	at org.openqa.selenium.remote.service.DriverCommandExecutor.execute(DriverCommandExecutor.java:83)
	at org.openqa.selenium.remote.RemoteWebDriver.execute(RemoteWebDriver.java:552)
	at org.openqa.selenium.remote.RemoteWebDriver.startSession(RemoteWebDriver.java:213)
	at org.openqa.selenium.remote.RemoteWebDriver.<init>(RemoteWebDriver.java:131)
	at org.openqa.selenium.chrome.ChromeDriver.<init>(ChromeDriver.java:181)
	at org.openqa.selenium.chrome.ChromeDriver.<init>(ChromeDriver.java:168)
	at org.openqa.selenium.chrome.ChromeDriver.<init>(ChromeDriver.java:123)
	at Qa.Utility.DriverFactory.initLocalDriver(DriverFactory.java:112)
	at Qa.Stepdefs.Hook.setUp(Hook.java:28)

  Given User is on BudgetExplorer Home Page                           # Qa.Stepdefs.Home.HomePageStep.user_is_on_budget_explorer_home_page()
  And User got to Expense page                                        # Qa.Stepdefs.Home.HomePageStep.user_got_to_expense_page()
  When User Log In with valid User "Topa" and valid password "tishan" # Qa.Stepdefs.Expense.ExpensePageSteps.user_log_in_with_valid_user_and_valid_password(java.lang.String,java.lang.String)
  And User able to log in and land on Expense page                    # Qa.Stepdefs.Expense.ExpensePageSteps.user_able_to_log_in_and_land_on_expense_page()
  When User open list table                                           # Qa.Stepdefs.Expense.ExpensePageSteps.user_open_list_table()
**************Screenshot method**************
      java.lang.NullPointerException
	at Qa.Utility.ScreenshotFactory.CaptureAndEmbedScreenshot(ScreenshotFactory.java:48)
	at Qa.Stepdefs.Hook.tearDown(Hook.java:46)

]]></system-out>
    <system-err><![CDATA[Starting ChromeDriver 88.0.4324.96 (68dba2d8a0b149a1d3afac56fa74648032bcf46b-refs/branch-heads/4324@{#1784}) on port 20990
Only local connections are allowed.
Please see https://chromedriver.chromium.org/security-considerations for suggestions on keeping ChromeDriver safe.
ChromeDriver was started successfully.
]]></system-err>
  </testcase>
</testsuite>